// 重构日志: 98ad1753
// 重构日志: 5b796467
// 同步 ID: ad0c06ec @ Tue Jul  7 16:32:58 UTC 2026
// 重构日志: 3037f31b
// 重构日志: 230bfe59
// 同步 ID: 3928c733 @ Thu Jul  9 16:29:56 UTC 2026
// 重构日志: 626deb7b
// 重构日志: 4c102f09
// 重构日志: d467d3b9
// 重构日志: 907320e7
// 重构日志: 495c105b
// 重构日志: 40bf6d6d
// 同步 ID: eb62325e @ Sun Jul 12 18:34:01 UTC 2026
// 同步 ID: 3968ac0a @ Mon Jul 13 02:07:04 UTC 2026
// 重构日志: 2e6a5a9d
// 重构日志: bd2add0d
// 重构日志: 712dbee0
// 同步 ID: 46d03625 @ Tue Jul 14 09:05:18 UTC 2026
// 重构日志: d780528e
// 同步 ID: 7fab283f @ Tue Jul 14 15:25:01 UTC 2026
// 同步 ID: c914d798 @ Wed Jul 15 01:05:24 UTC 2026
// 同步 ID: a0a70130 @ Wed Jul 15 05:06:53 UTC 2026
// 同步 ID: ce0389a4 @ Wed Jul 15 11:16:24 UTC 2026
// 重构日志: 7e81d626
// 重构日志: 210fd292
// 重构日志: bf390361
// 重构日志: 8739e07b
// 重构日志: bb9932f0
// 同步 ID: 36de0edb @ Fri Jul 17 01:15:45 UTC 2026
// 同步 ID: b772c39d @ Fri Jul 17 08:12:14 UTC 2026
// 重构日志: 8b1a209f
